SF:lib/controller/compare_controller.dart
DA:24,1
DA:25,3
DA:27,1
DA:28,1
DA:30,2
DA:31,1
DA:35,2
DA:39,1
DA:40,3
DA:44,1
DA:45,2
DA:50,0
DA:52,0
DA:53,0
DA:54,0
DA:55,0
DA:56,0
DA:57,0
DA:59,0
LF:19
LH:11
end_of_record
SF:lib/model/compare_model.dart
DA:11,1
DA:12,1
DA:13,1
DA:14,1
DA:15,1
DA:18,1
DA:25,1
DA:30,1
DA:31,1
DA:33,1
DA:35,1
DA:41,1
DA:43,1
DA:50,1
DA:51,0
DA:52,0
DA:57,0
DA:59,1
DA:60,1
DA:61,1
DA:65,1
DA:70,1
DA:74,1
DA:75,1
DA:76,1
DA:80,1
DA:83,0
DA:87,1
DA:88,1
DA:89,1
DA:90,1
DA:91,1
DA:94,1
DA:96,1
DA:97,0
DA:98,0
DA:101,0
DA:103,1
DA:104,0
DA:105,0
DA:108,0
DA:110,1
DA:111,1
DA:112,1
DA:115,1
DA:117,0
DA:118,0
DA:119,0
DA:122,0
DA:125,0
DA:129,1
DA:130,1
DA:131,1
DA:132,1
DA:133,1
DA:134,1
DA:136,1
DA:137,0
DA:138,0
DA:139,0
DA:141,1
DA:142,1
DA:143,1
DA:146,1
DA:148,1
DA:149,1
DA:150,1
DA:153,1
DA:155,0
DA:156,0
DA:157,0
DA:158,0
DA:161,0
LF:73
LH:50
end_of_record
SF:lib/model/consent_models.dart
DA:8,1
DA:18,1
DA:19,1
DA:22,1
DA:27,1
DA:32,1
DA:33,1
DA:38,1
DA:47,1
DA:48,1
DA:51,1
DA:56,1
DA:61,1
DA:62,1
DA:70,1
DA:71,1
DA:74,1
DA:79,1
DA:84,1
DA:85,1
DA:93,1
DA:94,1
DA:97,1
DA:102,1
DA:107,1
DA:108,1
DA:115,1
DA:116,1
DA:119,1
DA:124,1
DA:129,1
DA:130,1
DA:142,1
DA:143,1
DA:144,1
DA:145,1
DA:146,1
DA:147,1
DA:148,1
LF:39
LH:39
end_of_record
SF:lib/view/compare_view.dart
DA:14,1
DA:16,1
DA:18,1
DA:47,1
DA:49,1
DA:51,4
DA:52,2
DA:56,1
DA:59,3
DA:60,1
DA:63,1
DA:65,1
DA:66,1
DA:67,1
DA:68,1
DA:69,1
DA:70,1
DA:71,1
DA:72,1
DA:73,2
DA:74,1
DA:75,2
DA:76,1
DA:78,1
DA:90,1
DA:91,1
DA:95,1
DA:96,1
DA:97,2
DA:98,1
DA:99,2
DA:100,1
DA:103,2
DA:105,1
DA:106,1
DA:120,1
DA:121,1
DA:123,1
DA:125,1
DA:126,1
DA:127,1
DA:133,1
DA:135,1
DA:136,1
DA:138,5
DA:144,1
DA:145,2
DA:146,1
DA:147,1
DA:150,5
DA:151,1
DA:152,1
DA:153,2
DA:155,3
DA:156,1
DA:157,1
DA:158,1
DA:165,1
DA:177,1
DA:178,1
DA:181,1
DA:183,1
DA:184,4
DA:185,5
DA:186,1
DA:188,1
DA:189,1
DA:190,1
DA:191,1
DA:192,2
DA:199,3
DA:203,4
DA:204,1
DA:205,1
DA:206,1
DA:214,1
DA:223,1
DA:224,1
DA:225,1
DA:226,1
DA:227,1
DA:228,1
DA:235,1
DA:236,1
DA:239,1
DA:240,1
DA:241,6
DA:256,1
DA:257,1
DA:258,3
DA:259,3
DA:260,3
DA:263,1
DA:265,1
DA:267,2
DA:268,5
DA:270,1
DA:271,1
DA:274,1
DA:275,1
DA:277,1
DA:279,1
DA:281,1
DA:282,1
DA:283,1
DA:284,5
DA:290,1
DA:291,1
DA:292,1
DA:300,1
DA:309,1
DA:310,1
DA:313,2
DA:314,2
DA:315,2
DA:317,2
DA:321,1
DA:322,1
DA:323,3
DA:324,1
DA:330,3
DA:331,1
DA:332,1
DA:333,3
DA:334,1
DA:340,1
DA:341,1
DA:342,1
DA:343,3
DA:344,1
DA:350,1
DA:358,1
DA:359,1
DA:360,1
DA:361,1
DA:362,1
DA:365,1
DA:367,1
DA:368,1
DA:369,1
DA:376,3
DA:377,1
DA:379,1
DA:381,1
DA:382,1
DA:391,1
DA:392,1
DA:403,1
DA:410,1
DA:411,1
DA:413,1
DA:415,1
DA:416,1
DA:420,1
DA:427,1
DA:428,1
DA:430,1
DA:444,1
DA:445,1
DA:446,1
DA:448,1
DA:449,1
DA:451,1
DA:452,1
DA:462,1
DA:464,5
LF:166
LH:166
end_of_record
SF:lib/view/simulation_view.dart
DA:14,1
DA:16,1
DA:17,1
DA:30,1
DA:32,1
DA:33,3
DA:34,4
DA:35,4
DA:37,3
DA:38,0
DA:39,0
DA:44,1
DA:46,2
DA:47,2
DA:48,2
DA:49,2
DA:50,1
DA:53,0
DA:54,0
DA:55,0
DA:56,0
DA:57,0
DA:58,0
DA:59,0
DA:60,0
DA:61,0
DA:62,0
DA:64,0
DA:65,0
DA:66,0
DA:67,0
DA:68,0
DA:70,0
DA:72,0
DA:76,0
DA:82,0
DA:83,0
DA:84,0
DA:86,0
DA:87,0
DA:88,0
DA:89,0
DA:90,0
DA:91,0
DA:93,0
DA:94,0
DA:96,0
DA:98,0
DA:99,0
DA:101,0
DA:104,0
DA:107,0
DA:110,0
DA:111,0
DA:114,0
DA:122,0
DA:123,0
DA:125,0
DA:126,0
DA:130,0
DA:131,0
DA:133,0
DA:134,0
DA:135,0
DA:139,0
DA:140,0
DA:141,0
DA:146,1
DA:148,1
DA:149,1
DA:150,1
DA:151,1
DA:152,1
DA:153,1
DA:154,1
DA:155,1
DA:156,0
DA:157,1
DA:158,1
DA:159,1
DA:168,1
DA:169,1
DA:170,1
DA:172,1
DA:173,1
DA:174,1
DA:175,1
DA:176,1
DA:177,1
DA:178,1
DA:183,1
DA:184,1
DA:185,1
DA:186,1
DA:194,1
DA:195,2
DA:196,1
DA:197,1
DA:198,0
DA:200,0
DA:203,1
DA:204,1
DA:205,1
DA:206,1
DA:207,1
DA:213,1
DA:216,1
DA:226,1
DA:227,1
DA:228,1
DA:229,1
DA:230,1
DA:232,1
DA:233,1
DA:234,1
DA:236,1
DA:240,1
DA:241,1
DA:242,1
DA:243,1
DA:244,3
DA:245,1
DA:247,1
DA:248,1
DA:251,3
DA:252,1
DA:253,2
DA:254,1
DA:255,0
DA:257,0
DA:258,0
DA:264,1
DA:265,1
DA:266,1
DA:267,1
DA:268,1
DA:269,1
DA:272,1
DA:273,1
DA:274,1
DA:284,1
DA:285,1
DA:286,1
DA:287,1
DA:288,1
DA:289,2
DA:290,2
DA:291,1
DA:292,1
DA:296,1
DA:297,0
DA:298,0
DA:303,0
DA:306,0
DA:307,0
DA:310,0
DA:311,0
DA:312,0
DA:313,0
DA:314,0
DA:315,0
DA:316,0
DA:317,0
DA:319,0
DA:321,0
DA:322,0
DA:323,0
DA:324,0
DA:325,0
DA:326,0
DA:327,0
DA:330,0
DA:339,1
DA:340,1
DA:341,1
DA:342,0
DA:343,0
DA:345,0
DA:346,0
DA:348,0
DA:351,0
DA:352,0
DA:353,0
DA:356,0
DA:359,0
DA:360,0
DA:361,0
DA:365,0
DA:366,0
DA:367,0
DA:368,0
DA:370,0
DA:371,0
DA:373,0
DA:374,0
DA:384,4
DA:385,0
DA:387,0
DA:388,0
DA:389,0
DA:390,0
DA:391,0
DA:394,0
DA:395,0
DA:401,0
DA:402,0
DA:409,1
DA:410,1
DA:411,1
DA:412,0
DA:413,1
DA:414,0
LF:212
LH:100
end_of_record
SF:lib/components/chat_input.dart
DA:13,1
DA:20,1
DA:22,1
DA:24,1
DA:25,1
DA:27,1
DA:28,0
DA:30,0
DA:31,0
DA:32,0
DA:33,0
DA:34,0
DA:35,0
DA:36,0
DA:37,0
DA:38,0
DA:44,0
DA:47,0
DA:48,0
DA:49,0
DA:50,0
DA:53,0
DA:54,0
DA:55,0
DA:61,0
DA:63,0
DA:68,0
DA:69,0
DA:70,0
DA:72,0
DA:73,0
DA:83,1
DA:85,1
DA:87,1
DA:88,1
DA:89,1
DA:91,1
DA:95,1
DA:96,1
DA:97,1
DA:98,1
DA:99,1
DA:101,1
DA:102,1
DA:103,1
DA:104,1
DA:105,1
DA:106,1
DA:108,1
DA:109,1
DA:110,1
DA:113,1
DA:121,1
DA:122,1
DA:126,1
DA:127,1
DA:128,1
LF:57
LH:32
end_of_record
SF:lib/Theme/app_theme.dart
DA:12,0
DA:13,0
DA:51,0
DA:55,0
DA:56,0
DA:59,0
DA:60,0
DA:63,0
DA:64,0
DA:73,0
DA:74,0
DA:76,0
DA:87,0
DA:88,0
DA:89,0
DA:92,0
DA:93,0
DA:94,0
DA:97,0
LF:19
LH:0
end_of_record
SF:lib/components/message_bubble.dart
DA:20,0
DA:31,0
DA:33,0
DA:34,0
DA:36,0
DA:37,0
DA:39,0
DA:40,0
DA:46,0
DA:48,0
DA:49,0
DA:50,0
DA:51,0
DA:52,0
DA:55,0
DA:57,0
DA:58,0
DA:59,0
DA:60,0
DA:61,0
DA:62,0
DA:68,0
DA:69,0
DA:70,0
DA:72,0
DA:74,0
DA:76,0
DA:77,0
DA:78,0
DA:79,0
DA:81,0
DA:82,0
DA:83,0
DA:84,0
DA:86,0
DA:94,0
DA:95,0
DA:96,0
DA:97,0
DA:98,0
DA:102,0
DA:103,0
DA:104,0
DA:107,0
DA:113,0
DA:114,0
DA:115,0
DA:116,0
DA:117,0
DA:119,0
DA:123,0
DA:127,0
DA:128,0
DA:129,0
DA:130,0
DA:131,0
DA:132,0
DA:133,0
DA:134,0
DA:140,0
DA:141,0
DA:144,0
DA:145,0
DA:146,0
DA:147,0
DA:148,0
DA:150,0
DA:152,0
DA:160,0
DA:161,0
DA:164,0
DA:166,0
DA:168,0
DA:169,0
DA:170,0
DA:171,0
DA:174,0
DA:178,0
DA:179,0
DA:180,0
DA:181,0
DA:182,0
DA:185,0
DA:189,0
DA:190,0
DA:193,0
DA:205,0
DA:206,0
DA:207,0
DA:208,0
DA:209,0
DA:210,0
DA:212,0
DA:213,0
DA:214,0
DA:222,0
DA:223,0
DA:226,0
DA:227,0
DA:228,0
DA:229,0
DA:231,0
DA:233,0
DA:234,0
DA:235,0
DA:236,0
DA:237,0
DA:238,0
DA:240,0
DA:242,0
DA:248,0
DA:249,0
DA:250,0
DA:251,0
DA:252,0
DA:255,0
DA:256,0
DA:265,0
DA:271,0
DA:272,0
DA:274,0
DA:276,0
DA:278,0
DA:280,0
DA:282,0
DA:283,0
DA:284,0
DA:285,0
DA:287,0
DA:288,0
DA:291,0
DA:293,0
DA:294,0
DA:296,0
DA:297,0
LF:135
LH:0
end_of_record
SF:lib/model/simulation_model.dart
DA:13,0
DA:19,0
DA:32,1
DA:34,3
DA:35,0
DA:36,0
DA:42,3
DA:44,0
DA:45,0
DA:48,0
DA:50,0
DA:52,0
DA:53,0
DA:54,0
DA:55,0
DA:56,0
DA:57,0
DA:65,0
DA:69,0
DA:70,0
DA:72,0
DA:74,0
DA:75,0
DA:76,0
DA:77,0
DA:79,0
DA:80,0
DA:81,0
DA:83,0
DA:84,0
DA:87,0
DA:88,0
DA:91,0
DA:95,0
DA:96,0
DA:97,0
DA:98,0
DA:101,0
DA:102,0
DA:103,0
DA:104,0
DA:105,0
DA:107,0
DA:114,0
DA:116,0
DA:124,0
DA:125,0
DA:126,0
DA:127,0
DA:129,0
DA:130,0
DA:131,0
DA:132,0
DA:134,0
DA:138,0
DA:139,0
DA:140,0
DA:147,0
DA:148,0
DA:149,0
DA:152,0
DA:153,0
DA:154,0
DA:157,1
DA:158,2
DA:159,2
DA:166,0
DA:168,0
DA:177,0
DA:179,0
DA:180,0
DA:181,0
DA:182,0
DA:185,0
DA:187,0
DA:188,0
DA:189,0
DA:192,0
DA:193,0
DA:194,0
DA:195,0
DA:196,0
DA:197,0
DA:198,0
DA:199,0
DA:200,0
DA:204,0
DA:205,0
DA:206,0
DA:207,0
DA:208,0
DA:212,0
DA:213,0
DA:214,0
DA:215,0
DA:216,0
DA:222,0
DA:223,0
DA:225,0
DA:229,0
DA:230,0
DA:231,0
DA:232,0
DA:233,0
DA:235,0
DA:236,0
DA:237,0
DA:238,0
DA:239,0
DA:240,0
DA:242,0
DA:244,0
DA:247,0
LF:113
LH:6
end_of_record
SF:lib/controller/simulation_controller.dart
DA:10,1
DA:12,0
DA:13,0
DA:14,0
DA:15,0
DA:20,0
DA:21,0
DA:23,0
DA:24,0
DA:25,0
DA:26,0
DA:28,0
DA:32,0
DA:34,0
DA:35,0
DA:36,0
DA:38,0
DA:41,0
DA:42,0
DA:44,0
DA:46,0
DA:47,0
DA:49,0
DA:51,0
DA:54,0
DA:55,0
DA:57,0
DA:59,0
DA:61,0
DA:64,0
DA:67,0
DA:68,0
DA:69,0
DA:71,0
DA:76,0
DA:78,0
DA:80,0
DA:87,0
DA:88,0
DA:89,0
DA:90,0
DA:91,0
DA:92,0
DA:93,0
DA:94,0
DA:95,0
DA:96,0
DA:97,0
DA:99,0
DA:100,0
DA:101,0
DA:102,0
DA:108,0
DA:109,0
DA:116,0
DA:117,0
DA:121,0
DA:125,0
DA:130,0
DA:131,0
DA:142,0
DA:144,0
DA:145,0
DA:147,0
DA:149,0
DA:150,0
DA:153,0
DA:154,0
DA:156,0
DA:158,0
DA:161,0
DA:164,0
DA:167,0
DA:168,0
DA:171,0
DA:174,0
DA:175,0
DA:178,0
DA:181,0
DA:182,0
DA:185,0
DA:188,0
DA:189,0
DA:192,0
DA:195,0
DA:196,0
DA:199,0
DA:202,0
DA:204,0
DA:209,0
DA:211,0
DA:215,0
DA:216,0
DA:223,0
DA:224,0
DA:225,0
DA:226,0
DA:228,0
DA:229,0
DA:230,0
DA:232,0
DA:238,0
DA:244,0
DA:246,0
DA:247,0
DA:248,0
DA:250,0
DA:252,0
DA:255,0
DA:257,0
DA:263,0
DA:268,0
DA:269,0
DA:270,0
DA:271,0
DA:272,0
DA:273,0
DA:280,0
DA:282,0
DA:284,0
DA:285,0
DA:286,0
DA:287,0
DA:290,0
DA:291,0
DA:292,0
DA:295,0
DA:299,0
DA:301,0
DA:306,0
DA:307,0
DA:314,0
DA:319,0
DA:320,0
DA:321,0
DA:324,0
DA:325,0
DA:334,0
DA:335,0
DA:343,0
DA:345,0
DA:346,0
DA:347,0
DA:348,0
DA:351,0
DA:353,0
DA:354,0
DA:355,0
DA:356,0
DA:359,0
DA:361,0
DA:362,0
DA:363,0
DA:364,0
DA:367,0
DA:368,0
DA:370,0
DA:372,0
DA:374,0
DA:375,0
DA:376,0
DA:377,0
DA:378,0
DA:379,0
DA:381,0
DA:385,0
DA:386,0
DA:387,0
DA:388,0
DA:389,0
DA:390,0
DA:396,0
DA:397,0
DA:398,0
DA:399,0
DA:400,0
DA:402,0
DA:406,0
DA:407,0
DA:408,0
DA:409,0
DA:410,0
DA:411,0
DA:417,0
DA:418,0
DA:419,0
DA:420,0
DA:421,0
DA:423,0
DA:427,0
DA:428,0
DA:429,0
DA:430,0
DA:431,0
DA:432,0
DA:440,0
DA:442,0
DA:443,0
DA:444,0
DA:445,0
DA:446,0
DA:448,0
DA:450,0
DA:451,0
DA:453,0
DA:455,0
DA:456,0
DA:460,0
DA:461,0
DA:471,0
DA:472,0
DA:473,0
DA:474,0
DA:476,0
DA:477,0
DA:478,0
DA:479,0
DA:480,0
DA:482,0
DA:483,0
DA:484,0
DA:489,0
DA:497,0
DA:498,0
DA:506,0
DA:513,0
DA:514,0
DA:520,0
DA:522,0
DA:523,0
DA:535,0
DA:537,0
DA:538,0
DA:541,0
DA:542,0
DA:545,0
DA:546,0
DA:548,0
DA:550,0
DA:552,0
DA:553,0
DA:554,0
DA:555,0
DA:556,0
DA:557,0
DA:560,0
DA:561,0
DA:562,0
DA:563,0
DA:564,0
DA:565,0
DA:568,0
DA:569,0
DA:570,0
DA:571,0
DA:572,0
DA:573,0
DA:575,0
DA:576,0
DA:578,0
DA:580,0
DA:581,0
DA:582,0
DA:583,0
DA:584,0
DA:585,0
DA:586,0
DA:590,0
DA:591,0
DA:592,0
DA:596,0
DA:597,0
DA:606,0
DA:607,0
DA:608,0
DA:609,0
DA:611,0
DA:612,0
DA:613,0
DA:614,0
DA:615,0
DA:617,0
DA:620,0
DA:631,0
DA:632,0
DA:634,0
DA:636,0
LF:287
LH:1
end_of_record
