SF:lib/Theme/app_theme.dart
DA:12,1
DA:13,1
DA:51,1
DA:55,1
DA:56,1
DA:59,1
DA:60,1
DA:63,1
DA:64,1
DA:73,1
DA:74,1
DA:76,1
DA:87,1
DA:88,1
DA:89,1
DA:92,1
DA:93,1
DA:94,1
DA:97,1
LF:19
LH:19
end_of_record
SF:lib/model/chat_interface_model.dart
DA:17,2
DA:24,2
DA:45,3
DA:48,7
DA:49,1
DA:50,1
DA:55,1
DA:56,2
DA:58,3
DA:62,9
DA:65,1
DA:66,3
DA:70,1
DA:72,1
DA:74,3
DA:75,3
DA:76,0
DA:77,0
DA:78,0
DA:81,0
DA:82,0
DA:84,0
DA:85,0
DA:93,0
DA:99,1
DA:100,1
DA:108,1
DA:109,1
DA:111,1
DA:113,3
DA:114,3
DA:115,0
DA:117,0
DA:118,0
DA:119,0
DA:121,0
DA:123,0
DA:124,0
DA:125,0
DA:129,0
DA:130,0
DA:133,0
DA:134,0
DA:137,0
DA:143,0
DA:145,0
DA:146,0
DA:149,0
DA:152,0
DA:153,0
DA:156,0
DA:157,0
DA:158,0
DA:169,0
DA:170,0
DA:180,2
DA:181,4
DA:182,6
DA:186,1
DA:187,2
DA:188,3
DA:192,2
DA:193,4
DA:194,4
DA:195,6
DA:199,3
DA:200,6
DA:201,6
DA:212,0
DA:214,0
DA:216,0
DA:225,0
DA:227,0
DA:230,0
DA:231,0
DA:232,0
DA:234,0
DA:235,0
DA:236,0
DA:239,0
DA:241,0
DA:242,0
DA:243,0
DA:244,0
DA:247,0
DA:249,0
DA:251,0
DA:254,0
DA:257,0
DA:258,0
DA:259,0
DA:260,0
DA:261,0
DA:267,0
DA:268,0
DA:269,0
DA:275,0
DA:276,0
DA:277,0
DA:285,0
DA:287,0
DA:291,0
DA:292,0
DA:293,0
DA:294,0
DA:297,0
DA:298,0
DA:299,0
DA:300,0
DA:301,0
DA:302,0
DA:304,0
DA:306,0
LF:113
LH:36
end_of_record
SF:lib/model/consent_models.dart
DA:4,3
DA:6,3
DA:7,3
DA:10,2
DA:11,2
DA:14,3
DA:15,3
DA:18,2
DA:19,2
DA:22,2
DA:23,2
DA:28,2
DA:29,2
DA:30,2
DA:31,2
DA:32,2
DA:33,2
DA:34,2
LF:18
LH:18
end_of_record
SF:lib/components/chat_input.dart
DA:21,2
DA:30,2
DA:32,2
DA:33,2
DA:35,2
DA:36,0
DA:38,0
DA:39,0
DA:40,0
DA:42,0
DA:43,0
DA:44,0
DA:45,0
DA:46,0
DA:47,0
DA:53,0
DA:56,0
DA:57,0
DA:59,0
DA:62,0
DA:63,0
DA:64,0
DA:72,0
DA:79,0
DA:80,0
DA:82,0
DA:83,0
DA:93,2
DA:95,2
DA:97,2
DA:98,2
DA:101,2
DA:105,2
DA:106,2
DA:108,2
DA:110,2
DA:113,2
DA:114,2
DA:116,2
DA:117,2
DA:118,2
DA:120,2
DA:121,2
DA:134,2
DA:139,2
DA:141,2
LF:46
LH:24
end_of_record
SF:lib/components/message_bubble.dart
DA:24,1
DA:39,0
DA:40,0
DA:42,0
DA:43,0
DA:45,0
DA:46,0
DA:52,1
DA:54,1
DA:55,0
DA:56,0
DA:57,0
DA:58,0
DA:60,1
DA:62,1
DA:63,1
DA:64,1
DA:65,1
DA:66,1
DA:67,1
DA:74,1
DA:75,4
DA:76,0
DA:78,1
DA:81,1
DA:82,1
DA:83,1
DA:84,2
DA:86,1
DA:88,1
DA:89,1
DA:90,1
DA:95,1
DA:96,3
DA:103,0
DA:106,0
DA:108,0
DA:117,1
DA:118,3
DA:119,1
DA:121,1
DA:123,1
DA:125,1
DA:127,1
DA:135,1
DA:136,3
DA:138,0
DA:139,0
DA:140,0
DA:144,0
DA:146,0
DA:147,0
DA:148,0
DA:150,0
DA:151,0
DA:154,0
DA:161,0
DA:162,0
DA:166,0
DA:167,0
DA:168,0
DA:171,0
DA:177,0
DA:178,0
DA:179,0
DA:180,0
DA:181,0
DA:182,0
DA:183,0
DA:185,0
DA:189,0
DA:190,0
DA:191,0
DA:195,0
DA:197,0
DA:198,0
DA:199,0
DA:200,0
DA:201,0
DA:202,0
DA:208,0
DA:209,0
DA:212,0
DA:214,0
DA:215,0
DA:216,0
DA:218,0
DA:228,0
DA:229,0
DA:232,0
DA:234,0
DA:236,0
DA:237,0
DA:239,0
DA:242,0
DA:246,0
DA:248,0
DA:249,0
DA:251,0
DA:254,0
DA:258,0
DA:259,0
DA:262,0
DA:265,0
DA:272,0
DA:273,0
DA:276,0
DA:278,0
DA:279,0
DA:280,0
DA:297,1
DA:300,1
DA:301,2
DA:302,1
DA:304,1
DA:305,2
DA:316,0
DA:317,0
DA:320,0
DA:321,0
DA:322,0
DA:323,0
DA:325,0
DA:327,0
DA:328,0
DA:329,0
DA:330,0
DA:332,0
DA:334,0
DA:336,0
DA:342,0
DA:345,0
DA:346,0
DA:349,0
DA:350,0
DA:360,0
DA:366,0
DA:367,0
DA:369,0
DA:371,0
DA:373,0
DA:375,0
DA:377,0
DA:378,0
DA:380,0
DA:382,0
DA:383,0
DA:386,0
DA:389,0
DA:391,0
DA:392,0
LF:151
LH:38
end_of_record
SF:lib/controller/chat_interface_controller.dart
DA:11,2
DA:16,0
DA:17,0
DA:18,0
DA:19,0
DA:23,0
DA:24,0
DA:27,0
DA:30,0
DA:31,0
DA:32,0
DA:33,0
DA:34,0
DA:39,0
DA:41,0
DA:50,1
DA:51,2
DA:53,3
DA:54,1
DA:55,0
DA:56,0
DA:58,0
DA:62,0
DA:64,1
DA:65,0
DA:66,0
DA:68,0
DA:71,0
DA:72,0
DA:74,1
DA:76,0
DA:77,0
DA:79,0
DA:81,0
DA:84,0
DA:86,0
DA:88,0
DA:90,0
DA:92,0
DA:95,0
DA:98,1
DA:99,0
DA:100,0
DA:102,0
DA:107,0
DA:109,1
DA:111,1
DA:121,0
DA:122,0
DA:123,0
DA:124,0
DA:125,0
DA:128,0
DA:129,0
DA:130,0
DA:133,0
DA:134,0
DA:135,0
DA:142,0
DA:143,0
DA:156,1
DA:157,1
DA:161,2
DA:165,2
DA:171,4
DA:173,1
DA:175,1
DA:216,1
DA:218,1
DA:219,4
DA:222,1
DA:224,1
DA:232,1
DA:233,1
DA:236,1
DA:237,1
DA:239,1
DA:240,1
DA:247,4
DA:248,2
DA:249,1
DA:250,1
DA:251,1
DA:252,1
DA:253,1
DA:254,2
DA:255,1
DA:256,2
DA:257,2
DA:263,1
DA:266,1
DA:268,1
DA:269,1
DA:270,1
DA:271,2
DA:273,1
DA:275,1
DA:290,1
DA:294,1
DA:295,1
DA:305,1
DA:306,1
DA:307,3
DA:310,1
DA:311,1
DA:312,3
DA:314,1
DA:315,1
DA:323,1
DA:331,1
DA:333,1
DA:335,1
DA:336,1
DA:337,1
DA:338,1
DA:344,1
DA:345,2
DA:349,1
DA:350,1
DA:351,1
DA:352,1
DA:354,1
DA:355,1
DA:356,1
DA:358,1
DA:365,1
DA:366,1
DA:368,1
DA:369,1
DA:371,1
DA:373,1
DA:377,1
DA:379,1
DA:380,1
DA:399,1
DA:400,3
DA:408,7
DA:410,1
DA:412,1
DA:413,1
DA:414,1
DA:416,1
DA:417,1
DA:418,1
DA:424,1
DA:425,1
DA:427,1
DA:428,1
DA:429,1
DA:430,1
DA:431,1
DA:436,1
DA:437,1
DA:438,1
DA:449,2
DA:454,1
DA:455,1
DA:458,1
DA:459,1
DA:461,1
DA:466,1
DA:467,1
DA:469,1
DA:470,1
DA:471,1
DA:472,2
DA:474,1
DA:476,1
DA:477,1
DA:478,1
DA:481,1
DA:483,1
DA:487,1
DA:488,1
DA:491,1
DA:492,1
DA:501,1
DA:502,1
DA:504,1
DA:505,1
DA:506,1
DA:507,2
DA:509,1
DA:511,1
DA:512,1
DA:513,1
DA:516,1
DA:518,1
DA:520,1
DA:526,1
DA:529,1
DA:530,1
DA:539,1
DA:540,1
DA:541,1
DA:542,3
DA:543,1
DA:544,1
DA:548,1
DA:549,3
DA:550,1
DA:553,1
DA:554,1
DA:557,1
DA:558,1
DA:566,4
DA:568,1
DA:570,1
DA:578,1
DA:580,1
DA:581,2
DA:582,2
DA:583,2
DA:586,1
DA:588,2
DA:589,2
DA:590,2
DA:591,1
DA:594,1
DA:596,1
DA:598,1
DA:599,1
DA:602,1
DA:603,1
DA:605,2
DA:609,1
DA:610,1
DA:611,1
DA:612,1
DA:613,1
DA:620,1
DA:621,1
DA:622,1
DA:623,0
DA:624,0
DA:632,1
DA:633,1
DA:634,1
DA:641,1
DA:642,1
DA:643,1
DA:644,0
DA:645,0
DA:653,1
DA:654,1
DA:655,1
DA:662,0
DA:663,0
DA:664,0
DA:665,0
DA:666,0
DA:677,1
DA:679,1
DA:680,1
DA:681,1
DA:683,1
DA:685,1
DA:691,1
DA:695,1
DA:696,1
DA:706,1
DA:707,1
DA:708,3
DA:711,1
DA:712,1
DA:713,3
DA:714,3
DA:715,3
DA:717,3
DA:718,4
DA:719,2
DA:732,0
DA:733,0
DA:741,5
DA:748,1
DA:750,1
DA:757,1
DA:759,1
DA:761,5
DA:772,3
DA:775,1
DA:777,1
DA:778,3
DA:781,1
DA:782,1
DA:785,1
DA:786,1
DA:788,3
DA:792,1
DA:793,1
DA:796,2
DA:797,5
DA:800,1
DA:801,1
DA:804,2
DA:805,5
DA:808,1
DA:809,1
DA:812,2
DA:813,5
DA:815,2
DA:816,1
DA:818,1
DA:820,1
DA:825,1
DA:826,1
DA:828,1
DA:829,1
DA:830,3
DA:834,3
DA:835,0
DA:836,0
DA:837,0
DA:839,0
DA:840,0
DA:847,4
DA:852,1
DA:853,1
DA:855,1
DA:856,1
DA:857,3
DA:861,3
DA:862,0
DA:863,0
DA:864,0
DA:866,0
DA:867,0
DA:874,4
DA:883,1
DA:884,1
DA:885,3
DA:888,1
DA:889,1
DA:891,2
DA:892,3
DA:893,0
DA:894,0
DA:897,2
DA:898,4
DA:899,2
DA:901,3
DA:904,3
DA:910,1
DA:911,1
DA:913,1
LF:345
LH:272
end_of_record
SF:lib/view/chat_interface_view.dart
DA:16,2
DA:18,2
DA:20,2
DA:33,2
DA:35,2
DA:36,4
DA:37,2
DA:38,0
DA:40,8
DA:41,8
DA:43,5
DA:44,1
DA:45,2
DA:50,2
DA:52,4
DA:53,4
DA:54,4
DA:55,4
DA:56,2
DA:60,1
DA:61,1
DA:62,1
DA:63,2
DA:66,1
DA:67,1
DA:68,2
DA:71,1
DA:72,1
DA:73,2
DA:74,2
DA:75,1
DA:77,1
DA:79,1
DA:91,0
DA:92,0
DA:94,0
DA:95,0
DA:99,1
DA:100,2
DA:102,2
DA:103,1
DA:104,1
DA:109,2
DA:110,2
DA:111,1
DA:116,2
DA:118,2
DA:119,2
DA:120,2
DA:121,2
DA:122,2
DA:123,2
DA:124,2
DA:125,2
DA:126,4
DA:127,2
DA:128,2
DA:129,2
DA:130,2
DA:140,2
DA:141,2
DA:144,2
DA:146,2
DA:147,2
DA:148,2
DA:149,2
DA:150,2
DA:155,2
DA:156,2
DA:157,2
DA:158,2
DA:159,2
DA:169,2
DA:170,4
DA:171,2
DA:172,2
DA:173,1
DA:174,2
DA:181,3
DA:183,2
DA:184,1
DA:186,2
DA:191,2
DA:193,2
DA:194,2
DA:195,2
DA:201,2
DA:204,2
DA:215,2
DA:216,2
DA:217,2
DA:219,2
DA:221,2
DA:222,2
DA:225,2
DA:229,2
DA:230,2
DA:231,2
DA:232,2
DA:233,6
DA:234,2
DA:236,2
DA:237,2
DA:240,6
DA:241,2
DA:242,4
DA:243,2
DA:244,1
DA:246,2
DA:247,6
DA:254,2
DA:257,2
DA:258,2
DA:262,2
DA:263,2
DA:274,2
DA:275,2
DA:276,2
DA:277,2
DA:278,2
DA:279,4
DA:280,8
DA:281,2
DA:282,4
DA:286,2
DA:287,3
DA:288,0
DA:293,0
DA:296,0
DA:297,0
DA:300,0
DA:303,0
DA:304,0
DA:305,0
DA:306,0
DA:307,0
DA:311,0
DA:312,0
DA:313,0
DA:314,0
DA:315,0
DA:316,0
DA:317,0
DA:329,2
DA:331,2
DA:332,1
DA:333,1
DA:335,3
DA:336,1
DA:339,1
DA:342,1
DA:343,0
DA:344,0
DA:347,0
DA:350,0
DA:351,0
DA:352,0
DA:356,1
DA:357,1
DA:358,0
DA:359,0
DA:361,0
DA:363,0
DA:364,0
DA:365,0
DA:366,0
DA:367,0
DA:368,0
DA:369,0
DA:374,0
DA:377,0
DA:379,3
DA:380,0
DA:389,2
DA:391,2
DA:394,1
DA:395,3
DA:398,2
DA:399,1
DA:405,2
DA:412,6
DA:413,2
DA:415,2
DA:416,2
DA:418,2
DA:419,4
DA:421,2
DA:423,2
DA:425,2
DA:435,2
DA:436,2
DA:437,2
DA:438,4
DA:439,2
DA:440,0
DA:447,0
DA:448,0
DA:449,0
DA:450,0
DA:451,0
DA:453,0
DA:454,0
DA:456,0
DA:457,0
DA:458,0
DA:461,0
DA:463,0
DA:472,0
DA:474,0
DA:475,0
DA:476,0
DA:481,0
DA:482,0
DA:499,0
DA:501,0
DA:502,0
LF:216
LH:153
end_of_record
SF:lib/view/consent_flow.dart
DA:9,1
DA:15,1
DA:17,1
DA:23,1
DA:25,1
DA:27,1
DA:29,1
DA:31,1
DA:32,2
DA:41,1
DA:44,3
DA:45,1
DA:46,1
DA:47,1
DA:48,1
DA:49,3
DA:50,2
DA:51,3
DA:53,3
DA:57,5
DA:58,1
DA:70,1
DA:72,1
DA:74,1
DA:78,1
DA:79,1
DA:80,1
DA:83,1
DA:84,1
DA:85,1
DA:99,1
DA:106,1
DA:108,1
DA:111,1
DA:113,1
DA:114,1
DA:115,2
DA:116,1
DA:118,1
DA:119,1
DA:120,1
DA:121,1
DA:126,1
DA:128,1
DA:129,1
DA:130,1
DA:131,1
DA:133,1
DA:135,1
DA:136,1
DA:137,1
DA:138,1
DA:141,1
DA:142,1
DA:143,1
DA:145,1
DA:146,2
DA:151,1
DA:152,1
DA:153,2
DA:160,1
DA:161,1
DA:166,2
DA:168,5
DA:170,1
DA:172,1
DA:181,1
DA:182,1
DA:208,1
LF:69
LH:69
end_of_record
SF:lib/controller/compare_controller.dart
DA:24,1
DA:25,3
DA:27,1
DA:28,1
DA:30,2
DA:31,1
DA:35,2
DA:39,1
DA:40,3
DA:44,1
DA:45,2
DA:50,1
DA:52,1
DA:53,2
DA:54,1
DA:55,2
DA:56,1
DA:57,2
DA:59,3
LF:19
LH:19
end_of_record
SF:lib/model/compare_model.dart
DA:12,1
DA:13,1
DA:14,1
DA:15,1
DA:16,1
DA:21,1
DA:29,1
DA:36,1
DA:37,1
DA:38,1
DA:43,1
DA:49,1
DA:55,1
DA:56,1
DA:57,1
DA:61,1
DA:65,1
DA:69,1
DA:71,1
DA:72,1
DA:77,1
DA:82,1
DA:87,1
DA:89,1
DA:90,1
DA:95,1
DA:100,1
DA:106,3
DA:110,1
DA:111,1
DA:112,1
DA:113,1
DA:114,1
DA:119,1
DA:124,1
DA:128,1
DA:129,1
DA:130,1
DA:135,1
DA:140,1
DA:144,1
DA:145,1
DA:146,1
DA:151,1
DA:155,1
DA:159,1
DA:160,1
DA:161,1
DA:166,1
DA:171,1
DA:175,1
DA:176,1
DA:177,1
DA:182,1
DA:187,1
DA:192,3
DA:196,1
DA:197,1
DA:198,1
DA:199,1
DA:200,1
DA:205,1
DA:210,1
DA:214,1
DA:215,1
DA:216,1
DA:221,1
DA:226,1
DA:230,1
DA:231,1
DA:232,1
DA:237,1
DA:243,1
DA:247,1
DA:248,1
DA:249,1
DA:254,1
DA:259,1
DA:263,1
DA:264,1
DA:265,1
DA:270,1
DA:275,1
DA:280,3
LF:84
LH:84
end_of_record
SF:lib/view/compare_view.dart
DA:10,1
DA:12,1
DA:14,1
DA:44,1
DA:47,1
DA:48,4
DA:49,2
DA:51,4
DA:52,2
DA:53,4
DA:58,1
DA:60,3
DA:61,3
DA:62,1
DA:66,1
DA:67,5
DA:68,2
DA:69,0
DA:71,1
DA:76,0
DA:77,0
DA:78,0
DA:79,0
DA:81,0
DA:83,0
DA:84,0
DA:86,0
DA:93,1
DA:94,1
DA:96,1
DA:97,2
DA:100,2
DA:105,1
DA:106,0
DA:109,0
DA:113,3
DA:114,2
DA:117,2
DA:121,1
DA:122,2
DA:125,2
DA:133,1
DA:134,1
DA:136,1
DA:139,1
DA:140,4
DA:141,5
DA:142,1
DA:144,1
DA:145,4
DA:146,1
DA:148,1
DA:149,1
DA:150,1
DA:151,1
DA:155,1
DA:156,1
DA:157,1
DA:158,2
DA:163,1
DA:164,2
DA:165,1
DA:166,1
DA:175,1
DA:183,1
DA:184,1
DA:187,1
DA:188,1
DA:189,1
DA:190,1
DA:191,1
DA:203,1
DA:205,1
DA:215,1
DA:216,6
DA:230,1
DA:231,1
DA:232,1
DA:233,2
DA:235,0
DA:236,0
DA:237,0
DA:241,0
DA:242,0
DA:243,0
DA:244,0
DA:245,0
DA:246,0
DA:247,0
DA:250,0
DA:251,0
DA:252,0
DA:262,1
DA:263,1
DA:264,1
DA:266,1
DA:267,1
DA:269,1
DA:271,1
DA:272,1
DA:273,1
DA:274,1
DA:275,2
DA:276,2
DA:280,1
DA:283,1
DA:285,1
DA:286,1
DA:287,1
DA:288,2
DA:289,2
DA:306,1
DA:307,1
DA:312,1
DA:313,1
DA:314,2
DA:315,1
DA:316,2
DA:317,1
DA:319,1
DA:320,2
DA:322,1
DA:323,1
DA:326,1
DA:343,1
DA:344,1
DA:347,1
DA:349,1
DA:350,1
DA:351,1
DA:357,1
DA:359,1
DA:360,1
DA:362,5
DA:368,1
DA:369,2
DA:370,1
DA:371,1
DA:374,5
DA:375,1
DA:376,1
DA:377,2
DA:379,3
DA:380,1
DA:381,1
DA:382,1
DA:387,1
DA:396,1
DA:397,1
DA:398,1
DA:399,1
DA:401,1
DA:402,1
DA:404,1
DA:405,1
DA:415,1
DA:417,5
DA:438,1
DA:440,1
DA:441,1
DA:443,1
DA:444,1
DA:445,1
DA:446,1
DA:447,1
DA:448,1
DA:449,2
DA:450,1
DA:451,2
DA:452,1
DA:454,1
LF:171
LH:147
end_of_record
